This is TeX, Version 3.1415926 (TeX Live 2013) (format=tex 2014.3.25)  25 AUG 2015 15:00
**presentacion.tex
(./presentacion.tex
! Undefined control sequence.
l.1 \documentclass
                  {beamer}
? 
! Interruption.
<to be read again> 
                   {
l.1 \documentclass{
                   beamer}
? 
! Undefined control sequence.
l.14 \usetheme
              {Madrid}%azulito-li;la
? 
! Undefined control sequence.
l.21 \usepackage
                {graphicx}
? 
! Undefined control sequence.
l.22 \usepackage
                {adjustbox}
? 
! Undefined control sequence.
l.23 \usepackage
                [utf8]{inputenc}
? 
! Undefined control sequence.
l.24 \usepackage
                [spanish]{babel}
? 
! Undefined control sequence.
l.25 \usepackage
                {url}
? 
! Undefined control sequence.
l.26 \usepackage
                {multirow}
? 
! Undefined control sequence.
l.27 \usepackage
                {booktabs}
? 
! Undefined control sequence.
l.29 \usepackage
                {caption}
? q
OK, entering \batchmode...
! Undefined control sequence.
l.36 \makeatletter
                  
The control sequence at the end of the top line
of your error message was never \def'ed. If you have
misspelled it (e.g., `\hobx'), type `I' and the correct
spelling (e.g., `I\hbox'). Otherwise just continue,
and I'll forget about whatever was undefined.

! Undefined control sequence.
l.37 \setbeamertemplate
                       {footline}
The control sequence at the end of the top line
of your error message was never \def'ed. If you have
misspelled it (e.g., `\hobx'), type `I' and the correct
spelling (e.g., `I\hbox'). Otherwise just continue,
and I'll forget about whatever was undefined.

! Undefined control sequence.
l.41   \begin
             {beamercolorbox}[wd=.333333\paperwidth,ht=2.25ex,dp=1ex,center]...
The control sequence at the end of the top line
of your error message was never \def'ed. If you have
misspelled it (e.g., `\hobx'), type `I' and the correct
spelling (e.g., `I\hbox'). Otherwise just continue,
and I'll forget about whatever was undefined.

! Undefined control sequence.
l.41 ...egin{beamercolorbox}[wd=.333333\paperwidth
                                                  ,ht=2.25ex,dp=1ex,center]{...
The control sequence at the end of the top line
of your error message was never \def'ed. If you have
misspelled it (e.g., `\hobx'), type `I' and the correct
spelling (e.g., `I\hbox'). Otherwise just continue,
and I'll forget about whatever was undefined.

! Undefined control sequence.
l.42     \usebeamerfont
                       {author in head/foot}\insertshortauthor
The control sequence at the end of the top line
of your error message was never \def'ed. If you have
misspelled it (e.g., `\hobx'), type `I' and the correct
spelling (e.g., `I\hbox'). Otherwise just continue,
and I'll forget about whatever was undefined.

! Undefined control sequence.
l.42 ...ont{author in head/foot}\insertshortauthor
                                                  
The control sequence at the end of the top line
of your error message was never \def'ed. If you have
misspelled it (e.g., `\hobx'), type `I' and the correct
spelling (e.g., `I\hbox'). Otherwise just continue,
and I'll forget about whatever was undefined.

! Missing } inserted.
<inserted text> 
                }
<to be read again> 
                   \end 
l.43   \end
           {beamercolorbox}%
I've inserted something that you may have forgotten.
(See the <inserted text> above.)
With luck, this will get me unwedged. But if you
really didn't forget anything, try typing `2' now; then
my insertion and my current dilemma will both disappear.


Overfull \hbox (1.49614pt too wide) in paragraph at lines 37--43
[]\tenrm footline  [] |

\hbox(7.5+2.5)x469.75499, glue set - 1.0
.\hbox(0.0+0.0)x20.0
.\tenrm f
.\tenrm o
.\kern0.27779
.\tenrm o
.etc.

 [1] )
(\end occurred inside a group at level 1)
Output written on presentacion.dvi (1 page, 476 bytes).
